<?xml version="1.0" encoding="UTF-8"?>
<!-- Generated by org.testng.reporters.JUnitReportReporter -->
<testsuite hostname="DESKTOP-6HLUR35" name="ExtentReportBase" tests="1" failures="0" timestamp="1 Sep 2020 13:48:04 GMT" time="0.031" errors="0">
  <testcase name="test1" time="0.031" classname="ExtentReportBase"/>
</testsuite> <!-- ExtentReportBase -->
