<?xml version="1.0" encoding="UTF-8"?>
<!-- Generated by org.testng.reporters.JUnitReportReporter -->
<testsuite hostname="DESKTOP-6HLUR35" name="ExtentReport" tests="1" failures="0" timestamp="3 Sep 2020 12:49:14 GMT" time="0.016" errors="0">
  <testcase name="test1" time="0.016" classname="ExtentReport"/>
</testsuite> <!-- ExtentReport -->
