<?xml version="1.0" encoding="UTF-8"?>
<!-- Generated by org.testng.reporters.JUnitReportReporter -->
<testsuite hostname="DESKTOP-6HLUR35" name="testScenarios.ExtentReportBase" tests="1" failures="0" timestamp="30 Aug 2020 08:47:01 GMT" time="0.021" errors="0">
  <testcase name="test1" time="0.021" classname="testScenarios.ExtentReportBase"/>
</testsuite> <!-- testScenarios.ExtentReportBase -->
